86058:C 05 Apr 17:58:50.250 # Warning: no config file specified, using the default config. In order to specify a config file use redis-server /path/to/redis.conf
86058:M 05 Apr 17:58:50.252 * Increased maximum number of open files to 10032 (it was originally set to 256).
                _._                                                  
           _.-``__ ''-._                                             
      _.-``    `.  `_.  ''-._           Redis 3.2.8 (0c023334/1) 64 bit
  .-`` .-```.  ```\/    _.,_ ''-._                                   
 (    '      ,       .-`  | `,    )     Running in standalone mode
 |`-._`-...-` __...-.``-._|'` _.-'|     Port: 6379
 |    `-._   `._    /     _.-'    |     PID: 86058
  `-._    `-._  `-./  _.-'    _.-'                                   
 |`-._`-._    `-.__.-'    _.-'_.-'|                                  
 |    `-._`-._        _.-'_.-'    |           http://redis.io        
  `-._    `-._`-.__.-'_.-'    _.-'                                   
 |`-._`-._    `-.__.-'    _.-'_.-'|                                  
 |    `-._`-._        _.-'_.-'    |                                  
  `-._    `-._`-.__.-'_.-'    _.-'                                   
      `-._    `-.__.-'    _.-'                                       
          `-._        _.-'                                           
              `-.__.-'                                               

86058:M 05 Apr 17:58:50.259 # Server started, Redis version 3.2.8
86058:M 05 Apr 17:58:50.260 * DB loaded from disk: 0.001 seconds
86058:M 05 Apr 17:58:50.260 * The server is now ready to accept connections on port 6379
86058:signal-handler (1491440402) Received SIGTERM scheduling shutdown...
86058:M 05 Apr 18:00:02.353 # User requested shutdown...
86058:M 05 Apr 18:00:02.353 * Saving the final RDB snapshot before exiting.
86058:M 05 Apr 18:00:02.356 * DB saved on disk
86058:M 05 Apr 18:00:02.356 # Redis is now ready to exit, bye bye...
